1 15
2 12
3 7
4 12
5 15
6 5
7 12
8 8
9 5
10 5
11 0
12 18
13 0
14 6
15 9
16 6
17 19
18 10
19 14
20 14
21 0
22 15
23 10
24 11
25 18
26 11
27 12
28 0
29 2
30 16
31 16
32 3
33 3
34 3
35 11
36 9
37 3
38 3
39 5
40 1
41 19
42 12
43 1
44 11
45 17
46 14
47 19
48 19
49 1
50 8
51 16
52 16
53 18
54 10
55 15
56 12
57 5
58 1
59 7
60 18
61 8
62 16
63 19
64 8
65 13
66 7
67 11
68 9
69 12
70 1
71 2
72 7
73 7
74 3
75 13
76 11
77 12
78 16
79 9
80 18
81 14
82 10
83 11
84 5
85 11
86 8
87 17
88 8
89 10
90 8
91 10
92 17
93 4
94 15
95 18
96 10
97 14
98 5
99 16
100 2
101 6
102 0
103 4
104 11
105 4
106 19
107 4
108 4
109 8
110 8
111 4
112 2
113 2
114 2
115 2
116 4
117 18
118 2
119 4
120 19
121 19
122 17
123 17
124 3
125 13
126 5
127 13
128 17
129 14
130 0
131 3
132 6
133 3
134 13
135 13
136 14
137 14
138 10
139 10
140 16
141 6
142 19
143 10
144 1
145 10
146 14
147 10
148 9
149 18
150 9
151 15
152 7
153 17
154 6
155 7
156 7
157 17
158 18
159 10
160 15
161 4
162 5
163 7
164 11
165 6
166 11
167 14
168 12
169 15
170 6
171 14
172 17
173 5
174 18
175 17
176 9
177 10
178 14
179 20
180 12
181 15
